2024-12-20 16:41:17,636 [INFO] Activator:176 - 


2024-12-20 16:41:17,638 [INFO] Activator:177 - !SESSION log4j initialized
2024-12-20 16:41:18,256 [ERROR] LogOutputStream:75 - [STDERR_REDIRECT] 
2024-12-20 16:41:20,871 [INFO] LogOutputStream:77 - [STDOUT_REDIRECT] 
2024-12-20 16:41:22,548 [INFO] ApplicationProperties:184 - Using Application install path: /Applications/STM32CubeIDE.app/Contents/Eclipse/plugins/com.st.stm32cube.common.mx_6.9.1.202307191849
2024-12-20 16:41:22,565 [INFO] DbMcusXml:78 - Set database path to: /Applications/STM32CubeIDE.app/Contents/Eclipse/plugins/com.st.stm32cube.common.mx_6.9.1.202307191849//db//mcu/
2024-12-20 16:41:22,566 [INFO] ApiDb:274 - Set plugin database path to: /Applications/STM32CubeIDE.app/Contents/Eclipse/plugins/com.st.stm32cube.common.mx_6.9.1.202307191849//db//plugins/boardmanager/
2024-12-20 16:41:22,566 [WARN] ApiDb:259 - Overriding images path with different value:  => /Applications/STM32CubeIDE.app/Contents/Eclipse/plugins/com.st.stm32cube.common.mx_6.9.1.202307191849//db//plugins/mcufinder/images/
2024-12-20 16:41:22,575 [INFO] ApiDb:250 - Set database path to: /Users/michaelalex/.stmcufinder/plugins/mcufinder//mcu/
2024-12-20 16:41:22,577 [INFO] DbMcusAds:125 - Set database path to: /Users/michaelalex/.stmcufinder/plugins/mcufinder//mcu/
2024-12-20 16:41:22,579 [INFO] CrossReferenceDbSqlite:203 - Set database path to: /Users/michaelalex/.stmcufinder/plugins/mcufinder//mcu/cs/
2024-12-20 16:41:22,694 [INFO] RulesReader:64 - Compatibility file has been processed (293 Rules)
2024-12-20 16:41:22,763 [INFO] DbMcusXml:78 - Set database path to: /Applications/STM32CubeIDE.app/Contents/Eclipse/plugins/com.st.stm32cube.common.mx_6.9.1.202307191849//db//mcu/
2024-12-20 16:41:22,763 [INFO] ApiDb:274 - Set plugin database path to: /Applications/STM32CubeIDE.app/Contents/Eclipse/plugins/com.st.stm32cube.common.mx_6.9.1.202307191849//db//plugins/boardmanager/
2024-12-20 16:41:22,763 [INFO] ApiDb:261 - Set plugin images path to: /Applications/STM32CubeIDE.app/Contents/Eclipse/plugins/com.st.stm32cube.common.mx_6.9.1.202307191849//db//plugins/mcufinder/images/
2024-12-20 16:41:22,763 [WARN] DbFile:41 - Overriding database path with different value: /Users/michaelalex/.stmcufinder/plugins/mcufinder/ => /Users/michaelalex/.stmcufinder/plugins/mcufinder
2024-12-20 16:41:22,764 [INFO] ApiDb:250 - Set database path to: /Users/michaelalex/.stmcufinder/plugins/mcufinder//mcu/
2024-12-20 16:41:22,764 [WARN] DbFile:41 - Overriding database path with different value: /Users/michaelalex/.stmcufinder/plugins/mcufinder/ => /Users/michaelalex/.stmcufinder/plugins/mcufinder
2024-12-20 16:41:22,764 [INFO] DbMcusAds:125 - Set database path to: /Users/michaelalex/.stmcufinder/plugins/mcufinder//mcu/
2024-12-20 16:41:22,764 [WARN] DbFile:41 - Overriding database path with different value: /Users/michaelalex/.stmcufinder/plugins/mcufinder/ => /Users/michaelalex/.stmcufinder/plugins/mcufinder
2024-12-20 16:41:22,764 [WARN] DbFile:41 - Overriding database path with different value: /Users/michaelalex/.stmcufinder/plugins/mcufinder/ => /Users/michaelalex/.stmcufinder/plugins/mcufinder
2024-12-20 16:41:22,764 [INFO] CrossReferenceDbSqlite:203 - Set database path to: /Users/michaelalex/.stmcufinder/plugins/mcufinder//mcu/cs/
2024-12-20 16:41:22,828 [INFO] MainPanel:262 - HeapMemory: 268435456
2024-12-20 16:41:22,887 [INFO] DbMcusXml:78 - Set database path to: /Applications/STM32CubeIDE.app/Contents/Eclipse/plugins/com.st.stm32cube.common.mx_6.9.1.202307191849//db//mcu/
2024-12-20 16:41:22,887 [INFO] ApiDb:274 - Set plugin database path to: /Applications/STM32CubeIDE.app/Contents/Eclipse/plugins/com.st.stm32cube.common.mx_6.9.1.202307191849//db//plugins/boardmanager/
2024-12-20 16:41:22,887 [INFO] ApiDb:261 - Set plugin images path to: /Applications/STM32CubeIDE.app/Contents/Eclipse/plugins/com.st.stm32cube.common.mx_6.9.1.202307191849//db//plugins/mcufinder/images/
2024-12-20 16:41:22,887 [WARN] DbFile:41 - Overriding database path with different value: /Users/michaelalex/.stmcufinder/plugins/mcufinder/ => /Users/michaelalex/.stmcufinder/plugins/mcufinder
2024-12-20 16:41:22,887 [INFO] ApiDb:250 - Set database path to: /Users/michaelalex/.stmcufinder/plugins/mcufinder//mcu/
2024-12-20 16:41:22,888 [WARN] DbFile:41 - Overriding database path with different value: /Users/michaelalex/.stmcufinder/plugins/mcufinder/ => /Users/michaelalex/.stmcufinder/plugins/mcufinder
2024-12-20 16:41:22,888 [INFO] DbMcusAds:125 - Set database path to: /Users/michaelalex/.stmcufinder/plugins/mcufinder//mcu/
2024-12-20 16:41:22,888 [WARN] DbFile:41 - Overriding database path with different value: /Users/michaelalex/.stmcufinder/plugins/mcufinder/ => /Users/michaelalex/.stmcufinder/plugins/mcufinder
2024-12-20 16:41:22,888 [WARN] DbFile:41 - Overriding database path with different value: /Users/michaelalex/.stmcufinder/plugins/mcufinder/ => /Users/michaelalex/.stmcufinder/plugins/mcufinder
2024-12-20 16:41:22,888 [INFO] CrossReferenceDbSqlite:203 - Set database path to: /Users/michaelalex/.stmcufinder/plugins/mcufinder//mcu/cs/
2024-12-20 16:41:22,903 [INFO] ApplicationProperties:184 - Using Application install path: /Applications/STM32CubeIDE.app/Contents/Eclipse/plugins/com.st.stm32cube.common.mx_6.9.1.202307191849
2024-12-20 16:41:22,904 [INFO] PluginManage:196 - Search for loadable plugins [exclusion list=, ]
2024-12-20 16:41:22,905 [INFO] PluginManage:310 - Check plugin analytics
2024-12-20 16:41:23,068 [INFO] AnalyticsPlugin:253 - Accepted Software Licenses: 
2024-12-20 16:41:23,068 [INFO] AnalyticsPlugin:255 - Accepted CMSIS Pack Licenses: 
2024-12-20 16:41:23,068 [INFO] AnalyticsPlugin:257 - Accepted Firmware Licenses: FW.F4.1.27.0
2024-12-20 16:41:23,071 [INFO] PluginManage:359 - Loaded plugin analytics (category:tool,tabindex:-1)
2024-12-20 16:41:23,072 [INFO] PluginManage:310 - Check plugin cadmodel
2024-12-20 16:41:23,463 [INFO] CADModel:105 - Init CAD model plugin
2024-12-20 16:41:23,464 [INFO] PluginManage:359 - Loaded plugin cadmodel (category:power,tabindex:5)
2024-12-20 16:41:23,464 [INFO] PluginManage:310 - Check plugin clock
2024-12-20 16:41:23,506 [INFO] PluginManage:359 - Loaded plugin clock (category:base,tabindex:2)
2024-12-20 16:41:23,506 [INFO] PluginManage:310 - Check plugin ddr
2024-12-20 16:41:23,509 [INFO] PluginManage:359 - Loaded plugin ddr (category:tool,tabindex:6)
2024-12-20 16:41:23,509 [INFO] PluginManage:310 - Check plugin filemanager
2024-12-20 16:41:23,635 [INFO] PluginManage:359 - Loaded plugin filemanager (category:base,tabindex:10)
2024-12-20 16:41:23,635 [INFO] PluginManage:310 - Check plugin ipmanager
2024-12-20 16:41:23,642 [INFO] PluginManage:359 - Loaded plugin ipmanager (category:base,tabindex:5)
2024-12-20 16:41:23,642 [INFO] PluginManage:310 - Check plugin lpbam
2024-12-20 16:41:23,651 [INFO] PluginManage:359 - Loaded plugin lpbam (category:base,tabindex:0)
2024-12-20 16:41:23,651 [INFO] PluginManage:310 - Check plugin memorymap
2024-12-20 16:41:23,665 [INFO] PluginManage:359 - Loaded plugin memorymap (category:base,tabindex:4)
2024-12-20 16:41:23,665 [INFO] PluginManage:310 - Check plugin pinoutandconfiguration
2024-12-20 16:41:23,673 [INFO] PluginManage:359 - Loaded plugin pinoutandconfiguration (category:base,tabindex:1)
2024-12-20 16:41:23,673 [INFO] PluginManage:310 - Check plugin pinoutconfig
2024-12-20 16:41:23,766 [WARN] SupportedApi:132 - Cannot load RTOS API schema: s4s-elt-must-match.1: The content of 'definitions' must match (annotation?, (simpleType | complexType)?, (unique | key | keyref)*)). A problem was found starting at: attribute.
2024-12-20 16:41:23,919 [INFO] PluginManage:359 - Loaded plugin pinoutconfig (category:base,tabindex:0)
2024-12-20 16:41:23,919 [INFO] PluginManage:310 - Check plugin power
2024-12-20 16:41:23,929 [INFO] PluginManage:359 - Loaded plugin power (category:power,tabindex:4)
2024-12-20 16:41:23,929 [INFO] PluginManage:310 - Check plugin projectmanager
2024-12-20 16:41:23,945 [INFO] PluginManage:359 - Loaded plugin projectmanager (category:projectmanager,tabindex:3)
2024-12-20 16:41:23,945 [INFO] PluginManage:310 - Check plugin thirdparty
2024-12-20 16:41:24,060 [INFO] PluginManage:359 - Loaded plugin thirdparty (category:base,tabindex:-1)
2024-12-20 16:41:24,059 [WARN] IntegrityCheckThread:84 - waiting for thirdparty lock release [integrity check]
2024-12-20 16:41:24,060 [INFO] PluginManage:310 - Check plugin tools
2024-12-20 16:41:24,060 [INFO] IntegrityCheckThread:86 - entering critical section [integrity check]
2024-12-20 16:41:24,060 [INFO] ThirdPartyUpdaterWithRetryManager:70 - Updater plugin not ready yet. [1/15]
2024-12-20 16:41:24,062 [INFO] PluginManage:359 - Loaded plugin tools (category:base,tabindex:7)
2024-12-20 16:41:24,062 [INFO] PluginManage:310 - Check plugin tutovideos
2024-12-20 16:41:24,281 [INFO] PluginManage:359 - Loaded plugin tutovideos (category:base,tabindex:-1)
2024-12-20 16:41:24,282 [INFO] PluginManage:310 - Check plugin updater
2024-12-20 16:41:24,292 [INFO] PluginManage:359 - Loaded plugin updater (category:base,tabindex:12)
2024-12-20 16:41:24,292 [INFO] PluginManage:310 - Check plugin userauth
2024-12-20 16:41:24,298 [INFO] UserAuth:113 - Init User Auth plugin
2024-12-20 16:41:24,299 [INFO] PluginManage:359 - Loaded plugin userauth (category:base,tabindex:14)
2024-12-20 16:41:24,299 [INFO] PluginManage:283 - PluginManage : Loaded plugins [17]
2024-12-20 16:41:24,468 [INFO] PinOutPanel:1499 - setPackage(No Configuration,No Configuration)
2024-12-20 16:41:24,556 [INFO] CADModel:165 - CPN selected for project level
2024-12-20 16:41:24,556 [INFO] CADModel:114 - Register for checkConnection events
2024-12-20 16:41:24,568 [INFO] IPUIPlugin:80 - create IPUIPlugin
2024-12-20 16:41:24,569 [INFO] PluginManager:220 - loadIPPluginJar : add mdma
2024-12-20 16:41:24,575 [INFO] IPUIPlugin:80 - create IPUIPlugin
2024-12-20 16:41:24,575 [INFO] PluginManager:220 - loadIPPluginJar : add freertos
2024-12-20 16:41:24,581 [INFO] IPUIPlugin:80 - create IPUIPlugin
2024-12-20 16:41:24,581 [INFO] PluginManager:220 - loadIPPluginJar : add gic
2024-12-20 16:41:24,591 [INFO] IPUIPlugin:80 - create IPUIPlugin
2024-12-20 16:41:24,591 [INFO] PluginManager:220 - loadIPPluginJar : add adc
2024-12-20 16:41:24,593 [INFO] IPUIPlugin:80 - create IPUIPlugin
2024-12-20 16:41:24,593 [INFO] PluginManager:220 - loadIPPluginJar : add gtzc
2024-12-20 16:41:24,595 [INFO] IPUIPlugin:80 - create IPUIPlugin
2024-12-20 16:41:24,595 [INFO] PluginManager:220 - loadIPPluginJar : add quadspi
2024-12-20 16:41:24,597 [INFO] IPUIPlugin:80 - create IPUIPlugin
2024-12-20 16:41:24,597 [INFO] PluginManager:220 - loadIPPluginJar : add aes
2024-12-20 16:41:24,600 [INFO] IPUIPlugin:80 - create IPUIPlugin
2024-12-20 16:41:24,600 [INFO] PluginManager:220 - loadIPPluginJar : add pdm2pcm
2024-12-20 16:41:24,601 [INFO] IPUIPlugin:80 - create IPUIPlugin
2024-12-20 16:41:24,601 [INFO] PluginManager:220 - loadIPPluginJar : add hash
2024-12-20 16:41:24,602 [INFO] IPUIPlugin:80 - create IPUIPlugin
2024-12-20 16:41:24,602 [INFO] PluginManager:220 - loadIPPluginJar : add tim
2024-12-20 16:41:24,603 [INFO] IPUIPlugin:80 - create IPUIPlugin
2024-12-20 16:41:24,604 [INFO] PluginManager:220 - loadIPPluginJar : add tsc
2024-12-20 16:41:24,605 [INFO] IPUIPlugin:80 - create IPUIPlugin
2024-12-20 16:41:24,605 [INFO] PluginManager:220 - loadIPPluginJar : add ts
2024-12-20 16:41:24,607 [INFO] IPUIPlugin:80 - create IPUIPlugin
2024-12-20 16:41:24,607 [INFO] PluginManager:220 - loadIPPluginJar : add can
2024-12-20 16:41:24,609 [INFO] IPUIPlugin:80 - create IPUIPlugin
2024-12-20 16:41:24,609 [INFO] PluginManager:220 - loadIPPluginJar : add dma3
2024-12-20 16:41:24,611 [INFO] IPUIPlugin:80 - create IPUIPlugin
2024-12-20 16:41:24,611 [INFO] PluginManager:220 - loadIPPluginJar : add dfsdm
2024-12-20 16:41:24,613 [INFO] IPUIPlugin:80 - create IPUIPlugin
2024-12-20 16:41:24,613 [INFO] PluginManager:220 - loadIPPluginJar : add spi
2024-12-20 16:41:24,615 [INFO] IPUIPlugin:80 - create IPUIPlugin
2024-12-20 16:41:24,615 [INFO] PluginManager:220 - loadIPPluginJar : add gfxmmu
2024-12-20 16:41:24,616 [INFO] IPUIPlugin:80 - create IPUIPlugin
2024-12-20 16:41:24,616 [INFO] PluginManager:220 - loadIPPluginJar : add genericplugin
2024-12-20 16:41:24,618 [INFO] IPUIPlugin:80 - create IPUIPlugin
2024-12-20 16:41:24,618 [INFO] PluginManager:220 - loadIPPluginJar : add cryp
2024-12-20 16:41:24,622 [INFO] IPUIPlugin:80 - create IPUIPlugin
2024-12-20 16:41:24,622 [INFO] PluginManager:220 - loadIPPluginJar : add gpio
2024-12-20 16:41:24,623 [INFO] IPUIPlugin:80 - create IPUIPlugin
2024-12-20 16:41:24,623 [INFO] PluginManager:220 - loadIPPluginJar : add comp
2024-12-20 16:41:24,624 [INFO] IPUIPlugin:80 - create IPUIPlugin
2024-12-20 16:41:24,625 [INFO] PluginManager:220 - loadIPPluginJar : add tracer_emb
2024-12-20 16:41:24,627 [INFO] IPUIPlugin:80 - create IPUIPlugin
2024-12-20 16:41:24,627 [INFO] PluginManager:220 - loadIPPluginJar : add openamp
2024-12-20 16:41:24,632 [INFO] IPUIPlugin:80 - create IPUIPlugin
2024-12-20 16:41:24,632 [INFO] PluginManager:220 - loadIPPluginJar : add stm32_wpan
2024-12-20 16:41:24,637 [INFO] IPUIPlugin:80 - create IPUIPlugin
2024-12-20 16:41:24,640 [INFO] PluginManager:220 - loadIPPluginJar : add plateformsettings
2024-12-20 16:41:24,643 [INFO] IPUIPlugin:80 - create IPUIPlugin
2024-12-20 16:41:24,644 [INFO] PluginManager:220 - loadIPPluginJar : add ipddr
2024-12-20 16:41:24,646 [INFO] IPUIPlugin:80 - create IPUIPlugin
2024-12-20 16:41:24,646 [INFO] PluginManager:220 - loadIPPluginJar : add usart
2024-12-20 16:41:24,648 [INFO] IPUIPlugin:80 - create IPUIPlugin
2024-12-20 16:41:24,648 [INFO] PluginManager:220 - loadIPPluginJar : add ltdc
2024-12-20 16:41:24,652 [INFO] IPUIPlugin:80 - create IPUIPlugin
2024-12-20 16:41:24,652 [INFO] PluginManager:220 - loadIPPluginJar : add nvic
2024-12-20 16:41:24,653 [INFO] IPUIPlugin:80 - create IPUIPlugin
2024-12-20 16:41:24,653 [INFO] PluginManager:220 - loadIPPluginJar : add fatfs
2024-12-20 16:41:24,660 [INFO] IPUIPlugin:80 - create IPUIPlugin
2024-12-20 16:41:24,661 [INFO] PluginManager:220 - loadIPPluginJar : add linkedlist
2024-12-20 16:41:24,666 [INFO] IPUIPlugin:80 - create IPUIPlugin
2024-12-20 16:41:24,666 [INFO] PluginManager:220 - loadIPPluginJar : add dma
2024-12-20 16:41:24,669 [INFO] IPUIPlugin:80 - create IPUIPlugin
2024-12-20 16:41:24,669 [INFO] PluginManager:220 - loadIPPluginJar : add fmc
2024-12-20 16:41:24,671 [INFO] IPUIPlugin:80 - create IPUIPlugin
2024-12-20 16:41:24,671 [INFO] PluginManager:220 - loadIPPluginJar : add i2s
2024-12-20 16:41:24,672 [INFO] IPUIPlugin:80 - create IPUIPlugin
2024-12-20 16:41:24,672 [INFO] PluginManager:220 - loadIPPluginJar : add ucpd
2024-12-20 16:41:24,674 [INFO] IPUIPlugin:80 - create IPUIPlugin
2024-12-20 16:41:24,675 [INFO] PluginManager:220 - loadIPPluginJar : add lorawan
2024-12-20 16:41:24,676 [INFO] IPUIPlugin:80 - create IPUIPlugin
2024-12-20 16:41:24,676 [INFO] PluginManager:220 - loadIPPluginJar : add opamp
2024-12-20 16:41:24,678 [INFO] IPUIPlugin:80 - create IPUIPlugin
2024-12-20 16:41:24,678 [INFO] PluginManager:220 - loadIPPluginJar : add i3c
2024-12-20 16:41:24,681 [INFO] IPUIPlugin:80 - create IPUIPlugin
2024-12-20 16:41:24,681 [INFO] PluginManager:220 - loadIPPluginJar : add touchsensing
2024-12-20 16:41:24,683 [INFO] IPUIPlugin:80 - create IPUIPlugin
2024-12-20 16:41:24,683 [INFO] PluginManager:220 - loadIPPluginJar : add i2c
2024-12-20 16:41:24,687 [INFO] IPUIPlugin:80 - create IPUIPlugin
2024-12-20 16:41:24,687 [INFO] PluginManager:220 - loadIPPluginJar : add resmgrutility
2024-12-20 16:41:24,689 [INFO] IPUIPlugin:80 - create IPUIPlugin
2024-12-20 16:41:24,690 [INFO] PluginManager:220 - loadIPPluginJar : add sai
2024-12-20 16:41:24,692 [INFO] IPUIPlugin:80 - create IPUIPlugin
2024-12-20 16:41:24,692 [INFO] PluginManager:220 - loadIPPluginJar : add usbx
2024-12-20 16:41:24,789 [INFO] CADModel:165 - CPN selected for project level
2024-12-20 16:41:24,789 [INFO] CADModel:114 - Register for checkConnection events
2024-12-20 16:41:24,789 [FATAL] Updater:308 - Updater called before beeing initialized
2024-12-20 16:41:24,789 [ERROR] CADModel:125 - Updater not yet initialized, retry later 
2024-12-20 16:41:24,916 [INFO] CADModel:165 - CPN selected for project level
2024-12-20 16:41:24,916 [INFO] CADModel:114 - Register for checkConnection events
2024-12-20 16:41:24,916 [FATAL] Updater:308 - Updater called before beeing initialized
2024-12-20 16:41:24,916 [ERROR] CADModel:125 - Updater not yet initialized, retry later 
2024-12-20 16:41:24,919 [FATAL] Updater:308 - Updater called before beeing initialized
2024-12-20 16:41:24,999 [FATAL] Updater:308 - Updater called before beeing initialized
2024-12-20 16:41:25,004 [INFO] DbMcusAds:53 - JSON generation date=Tue Mar 07 00:50:55 PST 2023 (1678179055114)
2024-12-20 16:41:25,004 [FATAL] Updater:308 - Updater called before beeing initialized
2024-12-20 16:41:25,060 [WARN] DetailPanel:346 - Failed to get advertising image, set to default
2024-12-20 16:41:25,154 [FATAL] Updater:308 - Updater called before beeing initialized
2024-12-20 16:41:25,157 [FATAL] Updater:308 - Updater called before beeing initialized
2024-12-20 16:41:25,157 [FATAL] Updater:308 - Updater called before beeing initialized
2024-12-20 16:41:25,157 [WARN] DetailPanel:346 - Failed to get advertising image, set to default
2024-12-20 16:41:25,158 [FATAL] Updater:308 - Updater called before beeing initialized
2024-12-20 16:41:25,184 [ERROR] Updater:1120 - MainUpdater not yet initialized. External WinMGr cannot be set.
2024-12-20 16:41:25,202 [INFO] Updater:1056 - Updater Version found : 6.9.1
2024-12-20 16:41:25,221 [INFO] ApplicationProperties:184 - Using Application install path: /Applications/STM32CubeIDE.app/Contents/Eclipse/plugins/com.st.stm32cube.common.mx_6.9.1.202307191849
2024-12-20 16:41:25,509 [INFO] MainUpdater:2868 - connection check result : 10
2024-12-20 16:41:25,509 [INFO] MainUpdater:285 - Updater Check For Update Now.
2024-12-20 16:41:25,510 [INFO] MicroXplorer:498 - Change Database Version : DB.6.0.91
2024-12-20 16:41:25,514 [INFO] McuFinderGlobals:63 - Set McuFinder mode to 2 (CubeIDE integrated)
2024-12-20 16:41:25,719 [INFO] CheckServerUpdateThread:120 - End of CheckServer Thread
2024-12-20 16:41:27,196 [WARN] PackLoader:240 - Cannot read IP mode file for STMicroelectronics.FP-SNS-MOTENVWB1.1.4.0
2024-12-20 16:41:27,203 [WARN] PackLoader:240 - Cannot read IP mode file for STMicroelectronics.FP-ATR-ASTRA1.2.0.1
2024-12-20 16:41:27,209 [WARN] PackLoader:240 - Cannot read IP mode file for STMicroelectronics.X-CUBE-SMBUS.2.1.0
2024-12-20 16:41:27,218 [WARN] PackLoader:240 - Cannot read IP mode file for STMicroelectronics.X-CUBE-WB05N.1.1.0
2024-12-20 16:41:27,248 [WARN] PackLoader:240 - Cannot read IP mode file for STMicroelectronics.X-CUBE-AZRTOS-F7.1.1.0
2024-12-20 16:41:27,258 [WARN] PackLoader:240 - Cannot read IP mode file for STMicroelectronics.FP-SNS-MOTENV1.4.3.2
2024-12-20 16:41:27,264 [WARN] PackLoader:240 - Cannot read IP mode file for STMicroelectronics.X-CUBE-BLE1.6.2.3
2024-12-20 16:41:27,269 [WARN] PackLoader:240 - Cannot read IP mode file for STMicroelectronics.X-CUBE-BLE1.6.2.4
2024-12-20 16:41:27,274 [WARN] PackLoader:240 - Cannot read IP mode file for STMicroelectronics.FP-SNS-FLIGHT1.5.0.2
2024-12-20 16:41:27,285 [ERROR] Engine:466 - /Users/michaelalex/.stm32cubemx/thirdparties/pdsc/Infineon.AIROC-Wi-Fi-Bluetooth-STM32.1.7.0.pdsc: PDSC version is not supported
2024-12-20 16:41:27,297 [WARN] PackLoader:240 - Cannot read IP mode file for STMicroelectronics.X-CUBE-TOF1.3.1.0
2024-12-20 16:41:27,309 [WARN] PackLoader:240 - Cannot read IP mode file for STMicroelectronics.X-CUBE-DISPLAY.3.0.0
2024-12-20 16:41:27,322 [WARN] PackLoader:240 - Cannot read IP mode file for STMicroelectronics.X-CUBE-BLE1.7.0.0
2024-12-20 16:41:27,337 [WARN] PackLoader:240 - Cannot read IP mode file for STMicroelectronics.X-CUBE-NFC10.1.0.0
2024-12-20 16:41:27,344 [ERROR] Engine:466 - /Users/michaelalex/.stm32cubemx/thirdparties/pdsc/STMicroelectronics.X-CUBE-BLEMGR.4.0.0.pdsc: PDSC version is not supported
2024-12-20 16:41:27,347 [WARN] PackLoader:240 - Cannot read IP mode file for STMicroelectronics.X-CUBE-TOUCHGFX.4.22.0
2024-12-20 16:41:27,407 [WARN] PackLoader:240 - Cannot read IP mode file for STMicroelectronics.X-CUBE-MEMS1.9.3.0
2024-12-20 16:41:27,543 [WARN] PackLoader:240 - Cannot read IP mode file for STMicroelectronics.X-CUBE-AI.7.2.0
2024-12-20 16:41:27,547 [WARN] PackLoader:240 - Cannot read IP mode file for STMicroelectronics.FP-SNS-SMARTAG2.1.2.0
2024-12-20 16:41:27,590 [WARN] PackLoader:240 - Cannot read IP mode file for STMicroelectronics.X-CUBE-MEMS1.11.1.0
2024-12-20 16:41:27,724 [INFO] LogOutputStream:77 - [STDOUT_REDIRECT] 1 : Invalid condition id : UX_CORESTACK_Condition cause : null
2024-12-20 16:41:27,724 [INFO] LogOutputStream:77 - [STDOUT_REDIRECT] 1 : Invalid condition id : UX_CORESTACK_Condition cause : null
2024-12-20 16:41:27,724 [INFO] LogOutputStream:77 - [STDOUT_REDIRECT] 1 : Invalid condition id : UX_CORESTACK_Condition cause : null
2024-12-20 16:41:27,725 [INFO] LogOutputStream:77 - [STDOUT_REDIRECT] 1 : Invalid condition id : UX_CORESTACK_Condition cause : null
2024-12-20 16:41:27,725 [INFO] LogOutputStream:77 - [STDOUT_REDIRECT] 1 : Invalid condition id : UX_CORESTACK_Condition cause : null
2024-12-20 16:41:27,727 [WARN] PackLoader:240 - Cannot read IP mode file for STMicroelectronics.X-CUBE-AZRTOS-WL.2.0.0
2024-12-20 16:41:27,731 [WARN] PackLoader:240 - Cannot read IP mode file for STMicroelectronics.FP-SNS-MOTENV1.5.0.0
2024-12-20 16:41:27,735 [WARN] PackLoader:240 - Cannot read IP mode file for wolfSSL.I-CUBE-wolfMQTT.1.19.0
2024-12-20 16:41:27,740 [WARN] PackLoader:240 - Cannot read IP mode file for WES.I-CUBE-Cesium.1.3.0
2024-12-20 16:41:27,743 [WARN] PackLoader:240 - Cannot read IP mode file for STMicroelectronics.X-CUBE-BLE2.3.3.0
2024-12-20 16:41:27,748 [WARN] PackLoader:240 - Cannot read IP mode file for STMicroelectronics.X-CUBE-DISPLAY.2.2.0
2024-12-20 16:41:27,753 [WARN] PackLoader:240 - Cannot read IP mode file for STMicroelectronics.X-CUBE-ISPU.1.0.0
2024-12-20 16:41:27,759 [WARN] PackLoader:240 - Cannot read IP mode file for STMicroelectronics.X-CUBE-NFC9.1.0.0
2024-12-20 16:41:27,778 [WARN] PackLoader:240 - Cannot read IP mode file for STMicroelectronics.X-CUBE-AZRTOS-H7.2.1.0
2024-12-20 16:41:27,784 [WARN] PackLoader:240 - Cannot read IP mode file for STMicroelectronics.X-CUBE-ALGOBUILD.1.3.0
2024-12-20 16:41:27,797 [WARN] PackLoader:240 - Cannot read IP mode file for STMicroelectronics.X-CUBE-AZRTOS-G0.1.1.0
2024-12-20 16:41:27,802 [WARN] PackLoader:240 - Cannot read IP mode file for STMicroelectronics.X-CUBE-SAFEA1.1.2.2
2024-12-20 16:41:27,806 [WARN] PackLoader:240 - Cannot read IP mode file for STMicroelectronics.X-CUBE-NFC4.3.0.0
2024-12-20 16:41:27,845 [WARN] PackLoader:240 - Cannot read IP mode file for SEGGER.I-CUBE-embOS.1.2.0
2024-12-20 16:41:27,891 [ERROR] Engine:466 - /Users/michaelalex/.stm32cubemx/thirdparties/pdsc/EmbeddedOffice.I-CUBE-FS-RTOS.1.0.1.pdsc: PDSC version is not supported
2024-12-20 16:41:27,893 [ERROR] Engine:466 - /Users/michaelalex/.stm32cubemx/thirdparties/pdsc/STMicroelectronics.X-CUBE-TCPP.4.2.0.pdsc: PDSC version is not supported
2024-12-20 16:41:27,895 [ERROR] Engine:466 - /Users/michaelalex/.stm32cubemx/thirdparties/pdsc/RealThread.X-CUBE-RT-Thread_Nano.4.1.1.pdsc: PDSC version is not supported
2024-12-20 16:41:27,898 [WARN] PackLoader:240 - Cannot read IP mode file for STMicroelectronics.FP-ATR-SIGFOX1.3.2.0
2024-12-20 16:41:27,899 [ERROR] Engine:466 - /Users/michaelalex/.stm32cubemx/thirdparties/pdsc/quantropi.X-CUBE-qispace-sdk-base.1.9.3.pdsc: PDSC version is not supported
2024-12-20 16:41:27,904 [WARN] PackLoader:240 - Cannot read IP mode file for STMicroelectronics.X-CUBE-EEPRMA1.5.1.0
2024-12-20 16:41:27,910 [WARN] PackLoader:240 - Cannot read IP mode file for emotas.I-CUBE-CANOPEN.1.1.2
2024-12-20 16:41:27,912 [WARN] PackLoader:240 - Cannot read IP mode file for STMicroelectronics.X-CUBE-TOUCHGFX.4.20.0
2024-12-20 16:41:27,916 [WARN] PackLoader:240 - Cannot read IP mode file for ITTIA_DB.I-CUBE-ITTIADB.8.9.0
2024-12-20 16:41:27,942 [WARN] PackLoader:240 - Cannot read IP mode file for SEGGER.I-CUBE-embOS.1.3.1
2024-12-20 16:41:27,971 [WARN] PackLoader:240 - Cannot read IP mode file for STMicroelectronics.X-CUBE-ALGOBUILD.1.4.0
2024-12-20 16:41:27,974 [WARN] PackLoader:240 - Cannot read IP mode file for STMicroelectronics.X-CUBE-AI.9.1.0
2024-12-20 16:41:27,978 [WARN] PackLoader:240 - Cannot read IP mode file for STMicroelectronics.X-CUBE-GNSS1.6.0.0
2024-12-20 16:41:27,993 [WARN] PackLoader:240 - Cannot read IP mode file for STMicroelectronics.X-CUBE-AZRTOS-F4.1.1.0
2024-12-20 16:41:27,999 [WARN] PackLoader:240 - Cannot read IP mode file for STMicroelectronics.X-CUBE-ISPU.2.1.0
2024-12-20 16:41:28,015 [WARN] PackLoader:240 - Cannot read IP mode file for STMicroelectronics.X-CUBE-AZRTOS-L5.2.0.0
2024-12-20 16:41:28,061 [WARN] PackLoader:240 - Cannot read IP mode file for STMicroelectronics.X-CUBE-MEMS1.9.6.0
2024-12-20 16:41:28,215 [WARN] PackLoader:240 - Cannot read IP mode file for STMicroelectronics.X-CUBE-NFC6.3.1.0
2024-12-20 16:41:28,224 [WARN] PackLoader:240 - Cannot read IP mode file for STMicroelectronics.X-CUBE-BLEMGR.2.0.0
2024-12-20 16:41:28,227 [ERROR] Engine:466 - /Users/michaelalex/.stm32cubemx/thirdparties/pdsc/STMicroelectronics.X-CUBE-DPower.1.2.0.pdsc: PDSC version is not supported
2024-12-20 16:41:28,231 [WARN] PackLoader:240 - Cannot read IP mode file for STMicroelectronics.X-CUBE-NFC4.2.0.4
2024-12-20 16:41:28,246 [WARN] ConditionMgr:438 - getConditionDescription Invalid condition id : UX DEVICE CLASS RTOS Condition cause : null
2024-12-20 16:41:28,246 [WARN] ConditionMgr:438 - getConditionDescription Invalid condition id : UX DEVICE CLASS RTOS Condition cause : null
2024-12-20 16:41:28,249 [WARN] PackLoader:240 - Cannot read IP mode file for STMicroelectronics.X-CUBE-AZRTOS-H7.3.1.0
2024-12-20 16:41:28,250 [WARN] ConditionMgr:1039 - genDependencies : Invalid condition id : UX DEVICE CLASS RTOS Condition cause : null
2024-12-20 16:41:28,250 [WARN] ConditionMgr:1039 - genDependencies : Invalid condition id : UX DEVICE CLASS RTOS Condition cause : null
2024-12-20 16:41:28,251 [WARN] ConditionMgr:1039 - genDependencies : Invalid condition id : UX DEVICE CLASS RTOS Condition cause : null
2024-12-20 16:41:28,251 [WARN] ConditionMgr:1039 - genDependencies : Invalid condition id : UX DEVICE CLASS RTOS Condition cause : null
2024-12-20 16:41:28,251 [WARN] ConditionMgr:1039 - genDependencies : Invalid condition id : UX DEVICE CLASS RTOS Condition cause : null
2024-12-20 16:41:28,254 [WARN] PackLoader:240 - Cannot read IP mode file for wolfSSL.I-CUBE-wolfSSL.5.5.0
2024-12-20 16:41:28,259 [WARN] PackLoader:240 - Cannot read IP mode file for STMicroelectronics.X-CUBE-FREERTOS.1.3.0
2024-12-20 16:41:28,263 [WARN] PackLoader:240 - Cannot read IP mode file for STMicroelectronics.X-CUBE-NFC7.1.0.1
2024-12-20 16:41:28,268 [WARN] PackLoader:240 - Cannot read IP mode file for STMicroelectronics.X-CUBE-NFC7.1.0.0
2024-12-20 16:41:28,272 [WARN] PackLoader:240 - Cannot read IP mode file for STMicroelectronics.X-CUBE-EEPRMA1.4.1.0
2024-12-20 16:41:28,275 [WARN] PackLoader:240 - Cannot read IP mode file for STMicroelectronics.X-CUBE-AI.8.1.0
2024-12-20 16:41:28,290 [WARN] ConditionMgr:438 - getConditionDescription Invalid condition id : LAN8742 Phy interface Condition cause : null
2024-12-20 16:41:28,290 [WARN] PackLoader:240 - Cannot read IP mode file for STMicroelectronics.X-CUBE-AZRTOS-L4.2.0.0
2024-12-20 16:41:28,292 [WARN] ConditionMgr:1039 - genDependencies : Invalid condition id : LAN8742 Phy interface Condition cause : null
2024-12-20 16:41:28,292 [WARN] ConditionMgr:1039 - genDependencies : Invalid condition id : LAN8742 Phy interface Condition cause : null
2024-12-20 16:41:28,293 [WARN] ConditionMgr:1039 - genDependencies : Invalid condition id : LAN8742 Phy interface Condition cause : null
2024-12-20 16:41:28,301 [WARN] PackLoader:240 - Cannot read IP mode file for STMicroelectronics.X-CUBE-SFXS2LP1.4.0.0
2024-12-20 16:41:28,306 [WARN] PackLoader:240 - Cannot read IP mode file for STMicroelectronics.X-CUBE-ISPU.1.1.0
2024-12-20 16:41:28,349 [WARN] PackLoader:240 - Cannot read IP mode file for STMicroelectronics.X-CUBE-AZRTOS-H7.3.3.0
2024-12-20 16:41:28,362 [WARN] PackLoader:240 - Cannot read IP mode file for RoweBots.I-CUBE-UNISONRTOS.5.5.0-4
2024-12-20 16:41:28,368 [ERROR] Engine:466 - /Users/michaelalex/.stm32cubemx/thirdparties/pdsc/STMicroelectronics.X-CUBE-IPS.3.0.0.pdsc: PDSC version is not supported
2024-12-20 16:41:28,380 [WARN] ConditionMgr:438 - getConditionDescription Invalid condition id : UX DEVICE CLASS RTOS Condition cause : null
2024-12-20 16:41:28,380 [WARN] ConditionMgr:438 - getConditionDescription Invalid condition id : UX DEVICE CLASS RTOS Condition cause : null
2024-12-20 16:41:28,382 [WARN] PackLoader:240 - Cannot read IP mode file for STMicroelectronics.X-CUBE-AZRTOS-WB.2.0.0
2024-12-20 16:41:28,383 [WARN] ConditionMgr:1039 - genDependencies : Invalid condition id : UX DEVICE CLASS RTOS Condition cause : null
2024-12-20 16:41:28,383 [WARN] ConditionMgr:1039 - genDependencies : Invalid condition id : UX DEVICE CLASS RTOS Condition cause : null
2024-12-20 16:41:28,384 [WARN] ConditionMgr:1039 - genDependencies : Invalid condition id : UX DEVICE CLASS RTOS Condition cause : null
2024-12-20 16:41:28,384 [WARN] ConditionMgr:1039 - genDependencies : Invalid condition id : UX DEVICE CLASS RTOS Condition cause : null
2024-12-20 16:41:28,384 [WARN] ConditionMgr:1039 - genDependencies : Invalid condition id : UX DEVICE CLASS RTOS Condition cause : null
2024-12-20 16:41:28,389 [WARN] PackLoader:240 - Cannot read IP mode file for STMicroelectronics.X-CUBE-FREERTOS.1.0.1
2024-12-20 16:41:28,394 [WARN] PackLoader:240 - Cannot read IP mode file for STMicroelectronics.X-CUBE-GNSS1.7.0.1
2024-12-20 16:41:28,401 [WARN] PackLoader:240 - Cannot read IP mode file for STMicroelectronics.X-CUBE-BLEMGR.1.0.0
2024-12-20 16:41:28,406 [ERROR] Engine:466 - /Users/michaelalex/.stm32cubemx/thirdparties/pdsc/STMicroelectronics.FP-SNS-STBOX1.2.0.0.pdsc: PDSC version is not supported
2024-12-20 16:41:28,420 [WARN] PackLoader:240 - Cannot read IP mode file for STMicroelectronics.X-CUBE-AZRTOS-L5.1.1.0
2024-12-20 16:41:28,425 [WARN] PackLoader:240 - Cannot read IP mode file for STMicroelectronics.X-CUBE-AI.8.0.1
2024-12-20 16:41:28,435 [WARN] PackLoader:240 - Cannot read IP mode file for STMicroelectronics.X-CUBE-SUBG2.5.0.0
2024-12-20 16:41:28,441 [WARN] PackLoader:240 - Cannot read IP mode file for Cesanta.I-CUBE-Mongoose.7.13.0
2024-12-20 16:41:28,449 [WARN] PackLoader:240 - Cannot read IP mode file for STMicroelectronics.X-CUBE-TOF1.3.3.1
2024-12-20 16:41:28,475 [WARN] PackLoader:240 - Cannot read IP mode file for STMicroelectronics.X-CUBE-AZRTOS-G4.2.0.0
2024-12-20 16:41:28,480 [WARN] PackLoader:240 - Cannot read IP mode file for STMicroelectronics.FP-ATR-ASTRA1.1.1.1
2024-12-20 16:41:28,493 [WARN] PackLoader:240 - Cannot read IP mode file for STMicroelectronics.X-CUBE-AZRTOS-G4.1.0.0
2024-12-20 16:41:28,510 [WARN] PackLoader:240 - Cannot read IP mode file for STMicroelectronics.X-CUBE-AZRTOS-L4.1.0.0
2024-12-20 16:41:28,517 [WARN] PackLoader:240 - Cannot read IP mode file for STMicroelectronics.X-CUBE-ALS.1.0.2
2024-12-20 16:41:28,530 [WARN] PackLoader:240 - Cannot read IP mode file for STMicroelectronics.X-CUBE-AZRTOS-WL.1.0.0
2024-12-20 16:41:28,535 [WARN] PackLoader:240 - Cannot read IP mode file for STMicroelectronics.X-CUBE-TOUCHGFX.4.24.1
2024-12-20 16:41:28,538 [WARN] PackLoader:240 - Cannot read IP mode file for wolfSSL.I-CUBE-wolfTPM.3.4.0
2024-12-20 16:41:28,542 [WARN] PackLoader:240 - Cannot read IP mode file for portGmbH.I-Cube-SoM-uGOAL.1.1.0
2024-12-20 16:41:28,547 [WARN] PackLoader:240 - Cannot read IP mode file for STMicroelectronics.X-CUBE-ALS.1.0.1
2024-12-20 16:41:28,559 [WARN] PackLoader:240 - Cannot read IP mode file for STMicroelectronics.X-CUBE-AZRTOS-WB.1.1.0
2024-12-20 16:41:28,575 [WARN] PackLoader:240 - Cannot read IP mode file for STMicroelectronics.X-CUBE-AZRTOS-L5.1.0.0
2024-12-20 16:41:28,580 [WARN] PackLoader:240 - Cannot read IP mode file for STMicroelectronics.X-CUBE-EEPRMA1.3.1.1
2024-12-20 16:41:28,595 [WARN] PackLoader:240 - Cannot read IP mode file for STMicroelectronics.X-CUBE-AZRTOS-H7RS.1.0.0
2024-12-20 16:41:28,599 [WARN] PackLoader:240 - Cannot read IP mode file for STMicroelectronics.FP-ATR-ASTRA1.2.0.0
2024-12-20 16:41:28,602 [ERROR] Engine:466 - /Users/michaelalex/.stm32cubemx/thirdparties/pdsc/STMicroelectronics.X-CUBE-TOF1.3.4.2.pdsc: PDSC version is not supported
2024-12-20 16:41:28,604 [WARN] PackLoader:240 - Cannot read IP mode file for wolfSSL.I-CUBE-wolfSSH.1.4.17
2024-12-20 16:41:28,605 [INFO] ThirdParty:978 - Integrity check success = true
2024-12-20 16:41:28,605 [INFO] IntegrityCheckThread:100 - exiting critical section [integrity check]
2024-12-20 16:41:28,605 [INFO] IntegrityCheckThread:103 - End integrity checks thread
2024-12-20 16:41:46,246 [ERROR] LogOutputStream:75 - [STDERR_REDIRECT] SLF4J: Failed to load class "org.slf4j.impl.StaticLoggerBinder".
2024-12-20 16:41:46,246 [ERROR] LogOutputStream:75 - [STDERR_REDIRECT] SLF4J: Defaulting to no-operation (NOP) logger implementation
2024-12-20 16:41:46,247 [ERROR] LogOutputStream:75 - [STDERR_REDIRECT] SLF4J: See http://www.slf4j.org/codes.html#StaticLoggerBinder for further details.
2024-12-20 16:43:26,515 [INFO] McuFinderGlobals:63 - Set McuFinder mode to 2 (CubeIDE integrated)
2024-12-20 16:43:26,517 [INFO] MainUpdater:2868 - connection check result : 10
2024-12-20 16:43:26,519 [INFO] McuFinderGlobals:76 - Set McuFinderConnectedMode to true
2024-12-20 16:43:26,861 [INFO] ServerAccessManage:473 - Download File mcusAds.json._tmp_
2024-12-20 16:43:26,972 [INFO] LoadUrlFilesThread:156 - End of LoadUrlFiles Thread
2024-12-20 16:43:28,132 [INFO] ServerAccessManage:473 - Download File cube-finder-db.zip
2024-12-20 16:43:29,787 [INFO] FileExtend:240 - Unzip File : cube-finder-db.zip
2024-12-20 16:43:29,788 [INFO] FileExtend:255 - Standard Zip Deflate
2024-12-20 16:43:30,393 [INFO] LoadUrlFilesThread:156 - End of LoadUrlFiles Thread
2024-12-20 16:43:31,256 [INFO] ServerAccessManage:473 - Download File crdb.zip
2024-12-20 16:43:32,177 [INFO] FileExtend:240 - Unzip File : crdb.zip
2024-12-20 16:43:32,177 [INFO] FileExtend:255 - Standard Zip Deflate
2024-12-20 16:43:32,299 [INFO] LoadUrlFilesThread:156 - End of LoadUrlFiles Thread
2024-12-20 16:43:33,056 [INFO] ServerAccessManage:473 - Download File tutoVideoDB.zip
2024-12-20 16:43:33,062 [INFO] FileExtend:240 - Unzip File : tutoVideoDB.zip
2024-12-20 16:43:33,063 [INFO] FileExtend:255 - Standard Zip Deflate
2024-12-20 16:43:33,172 [INFO] LoadUrlFilesThread:156 - End of LoadUrlFiles Thread
2024-12-20 16:43:33,177 [WARN] DbFile:41 - Overriding database path with different value: /Users/michaelalex/.stmcufinder/plugins/mcufinder/ => /Users/michaelalex/.stmcufinder/plugins/mcufinder
2024-12-20 16:43:33,772 [INFO] ServerAccessManage:473 - Download File api_config.json
2024-12-20 16:43:33,879 [INFO] LoadUrlFilesThread:156 - End of LoadUrlFiles Thread
2024-12-20 16:43:33,879 [INFO] DbMcusAds:53 - JSON generation date=Tue Dec 17 08:01:15 PST 2024 (1734451275222)
2024-12-20 16:43:33,989 [INFO] ServerAccessManage:473 - Download File 
2024-12-20 16:43:34,007 [INFO] LoadUrlFilesThread:185 - End of LoadServerUrlFiles without Thread
2024-12-20 16:43:34,007 [INFO] TargetSelectorAdapter:259 - Refresh data is successful
2024-12-20 16:43:34,263 [INFO] ApiDb:581 - Connected to CubeFinder SQLite database (/Users/michaelalex/.stmcufinder/plugins/mcufinder/mcu/cube-finder-db.db)
2024-12-20 16:43:34,313 [INFO] ApiDb:668 - CubeFinder database Data Model version=2.1
2024-12-20 16:43:34,313 [INFO] ApiDb:669 - CubeFinder database Configuration version=3.0.39
2024-12-20 16:43:34,313 [INFO] ApiDb:670 - CubeFinder database generation date=2024-11-21 (1732182206)
2024-12-20 16:43:34,313 [INFO] ApiDb:671 - CubeFinder database FW Pack versions=[FP-ATR-ASTRA1_V2.0.0, FP-SNS-FLIGHT1_V5.0.2, FP-SNS-MOTENV1_V5.0.0, FP-SNS-MOTENVWB1_V1.4.0, FP-SNS-SMARTAG2_V1.2.0, FP-SNS-STBOX1_V2.0.0, STM32Cube_FW_C0_V1.3.0, STM32Cube_FW_F4_V1.28.1, STM32Cube_FW_F7_V1.17.2, STM32Cube_FW_G0_V1.6.2, STM32Cube_FW_G4_V1.6.1, STM32Cube_FW_H5_V1.4.0, STM32Cube_FW_H7RS_V1.1.0, STM32Cube_FW_H7_V1.12.0, STM32Cube_FW_L0_V1.12.2, STM32Cube_FW_L4_V1.18.1, STM32Cube_FW_L5_V1.5.1, STM32Cube_FW_N6_V1.0.0, STM32Cube_FW_U0_V1.2.0, STM32Cube_FW_U3_V1.0.0, STM32Cube_FW_U5_V1.7.0, STM32Cube_FW_WB0_V1.1.0, STM32Cube_FW_WBA_V1.5.0, STM32Cube_FW_WB_V1.21.0, STM32Cube_FW_WL3_V1.0.0, STM32Cube_FW_WL_V1.3.0, X-CUBE-ALGOBUILD_V1.4.0, X-CUBE-ALS_V1.0.2, X-CUBE-AZRTOS-F4_V1.1.0, X-CUBE-AZRTOS-F7_V1.1.0, X-CUBE-AZRTOS-G0_V1.1.0, X-CUBE-AZRTOS-G4_V2.0.0, X-CUBE-AZRTOS-H7RS_V1.0.0, X-CUBE-AZRTOS-H7_V3.3.0, X-CUBE-AZRTOS-L4_V2.0.0, X-CUBE-AZRTOS-L5_V2.0.0, X-CUBE-AZRTOS-WB_V2.0.0, X-CUBE-AZRTOS-WL_V2.0.0, X-CUBE-BLE1_V7.0.0, X-CUBE-BLE2_V3.3.0, X-CUBE-BLEMGR_V3.1.0, X-CUBE-EEPRMA1_V5.1.0, X-CUBE-FREERTOS_V1.2.0, X-CUBE-GNSS1_V6.0.0, X-CUBE-MEMS1_V11.0.0, X-CUBE-NFC4_V3.0.0, X-CUBE-NFC7_V1.0.1, X-CUBE-SFXS2LP1_V4.0.0, X-CUBE-SUBG2_V5.0.0, X-CUBE-TOF1_V3.4.2]
2024-12-20 16:43:36,307 [INFO] ApiDb:240 - Found 323 in-development CPN: [B-G473E-ZEST1S, B-WB1M-WPAN1, B-WL5M-SUBG1, NUCLEO-C031C6, NUCLEO-H503RB, NUCLEO-H563ZI, NUCLEO-U545RE-Q, NUCLEO-U5A5ZJ-Q, NUCLEO-WBA52CG, STEVAL-PROTEUS1, STEVAL-SMARTAG2, STEVAL-STWINBX1, STM320518-EVAL, STM32C0116-DK, STM32C011D6Y3TR, STM32C011D6Y6TR, STM32C011F4P3, STM32C011F4P6, STM32C011F4U3, STM32C011F4U6TR, STM32C011F6P3, STM32C011F6P6, STM32C011F6U3, STM32C011F6U6TR, STM32C011J4M3, STM32C011J4M6, STM32C011J6M3, STM32C011J6M6, STM32C0316-DK, STM32C031C4T3, STM32C031C4T6, STM32C031C4U3, STM32C031C4U6, STM32C031C6T3, STM32C031C6T6, STM32C031C6U3, STM32C031C6U6, STM32C031F4P3, STM32C031F4P6, STM32C031F6P3, STM32C031F6P6, STM32C031G4U3, STM32C031G4U6, STM32C031G6U3, STM32C031G6U6, STM32C031K4T3, STM32C031K4T6, STM32C031K4U3, STM32C031K4U6, STM32C031K6T3, STM32C031K6T6, STM32C031K6U3, STM32C031K6U6, STM32G071K8TXN, STM32G071K8UXN, STM32G081GBU6N, STM32G081KBT6N, STM32G081KBUXN, STM32G0B1CCT6N, STM32G0B1KCT6, STM32G0B1NEY6TR, STM32G0B1RCT6N, STM32G0C1CCT6, STM32G0C1CCT6N, STM32G0C1CCU6N, STM32G0C1CET6N, STM32G0C1CEU6N, STM32G0C1KCT6, STM32G0C1NEY6TR, STM32G0C1RCI6N, STM32G0C1RCT6N, STM32G0C1REI6N, STM32G0C1RET6N, STM32G0C1VCI6, STM32G0C1VEI6, STM32G471CCT6, STM32G471CCU6, STM32G471CET3, STM32G471CET6, STM32G471CEU3, STM32G471CEU6, STM32G471MCT6, STM32G471MET3, STM32G471MET6, STM32G471MEY6TR, STM32G471QCT6, STM32G471QET3, STM32G471RCT6, STM32G471RET3, STM32G471RET6, STM32G471VCH6, STM32G471VCI6, STM32G471VCT6, STM32G471VEH3, STM32G471VEH6, STM32G471VEI3, STM32G471VEI6, STM32G471VET3, STM32G471VET6, STM32G474CCT6, STM32H503CBT6, STM32H503CBU6, STM32H503EBY6TR, STM32H503KBU6, STM32H503RBT6, STM32H562AGI6, STM32H562AII6, STM32H562IGK6, STM32H562IGT6, STM32H562IIK6, STM32H562IIT6, STM32H562RGT6, STM32H562RGV6, STM32H562RIT6, STM32H562RIV6, STM32H562VGT6, STM32H562VIT6, STM32H562ZGT6, STM32H562ZIT6, STM32H563AGI6, STM32H563AII3Q, STM32H563AII6, STM32H563IGK6, STM32H563IGT6, STM32H563IIK3Q, STM32H563IIK6, STM32H563IIT3Q, STM32H563IIT6, STM32H563MIY3QTR, STM32H563RGT6, STM32H563RGV6, STM32H563RIT6, STM32H563RIV6, STM32H563VGT6, STM32H563VIT3Q, STM32H563VIT6, STM32H563ZGT6, STM32H563ZIT3Q, STM32H563ZIT6, STM32H573AII3Q, STM32H573AII6, STM32H573I-DK, STM32H573IIK3Q, STM32H573IIK6, STM32H573IIT3Q, STM32H573IIT6, STM32H573MIY3QTR, STM32H573RIT6, STM32H573RIV6, STM32H573VIT3Q, STM32H573VIT6, STM32H573ZIT3Q, STM32H573ZIT6, STM32L4R5QGI6STR, STM32MP131AAE3, STM32MP131AAF3, STM32MP131AAG3, STM32MP131CAE3, STM32MP131CAF3, STM32MP131CAG3, STM32MP131DAE7, STM32MP131DAF7, STM32MP131DAG7, STM32MP131FAE7, STM32MP131FAF7, STM32MP131FAG7, STM32MP133AAE3, STM32MP133AAF3, STM32MP133AAG3, STM32MP133CAE3, STM32MP133CAF3, STM32MP133CAG3, STM32MP133DAE7, STM32MP133DAF7, STM32MP133DAG7, STM32MP133FAE7, STM32MP133FAF7, STM32MP133FAG7, STM32MP135AAE3, STM32MP135AAF3, STM32MP135AAG3, STM32MP135CAE3, STM32MP135CAF3, STM32MP135CAG3, STM32MP135DAE7, STM32MP135DAF7, STM32MP135DAG7, STM32MP135F-DK, STM32MP135FAE7, STM32MP135FAF7, STM32MP135FAF7T, STM32MP135FAF7U, STM32MP135FAG7, STM32U535CBT6, STM32U535CBT6Q, STM32U535CBU6, STM32U535CBU6Q, STM32U535CCT6, STM32U535CCT6Q, STM32U535CCU6, STM32U535CCU6Q, STM32U535CET6, STM32U535CET6Q, STM32U535CEU6, STM32U535CEU6Q, STM32U535JEY6QTR, STM32U535NCY6QTR, STM32U535NEY6QTR, STM32U535RBI6, STM32U535RBI6Q, STM32U535RBT6, STM32U535RBT6Q, STM32U535RCI6, STM32U535RCI6Q, STM32U535RCT6, STM32U535RCT6Q, STM32U535REI6, STM32U535REI6Q, STM32U535RET6, STM32U535RET6Q, STM32U535VCI6, STM32U535VCI6Q, STM32U535VCT6, STM32U535VCT6Q, STM32U535VEI6, STM32U535VEI6Q, STM32U535VET6, STM32U535VET6Q, STM32U545CET6, STM32U545CET6Q, STM32U545CEU6, STM32U545CEU6Q, STM32U545JEY6QTR, STM32U545NEY6QTR, STM32U545REI6, STM32U545REI6Q, STM32U545RET6, STM32U545RET6Q, STM32U545VEI6, STM32U545VEI6Q, STM32U545VET6, STM32U545VET6Q, STM32U595AIH6, STM32U595AIH6Q, STM32U595AJH6, STM32U595AJH6Q, STM32U595QII6, STM32U595QII6Q, STM32U595QJI6, STM32U595QJI6Q, STM32U595RIT6, STM32U595RIT6Q, STM32U595RJT6, STM32U595RJT6Q, STM32U595VIT6, STM32U595VIT6Q, STM32U595VJT6, STM32U595VJT6Q, STM32U595ZIT6, STM32U595ZIT6Q, STM32U595ZIY6QTR, STM32U595ZJT6, STM32U595ZJT6Q, STM32U595ZJY6QTR, STM32U599BJY6QTR, STM32U599NIH6Q, STM32U599NJH6Q, STM32U599VIT6Q, STM32U599VJT6, STM32U599VJT6Q, STM32U599ZIT6Q, STM32U599ZIY6QTR, STM32U599ZJT6Q, STM32U599ZJY6QTR, STM32U5A5AJH6, STM32U5A5AJH6Q, STM32U5A5QJI6, STM32U5A5QJI6Q, STM32U5A5RJT6, STM32U5A5RJT6Q, STM32U5A5VJT6, STM32U5A5VJT6Q, STM32U5A5ZJT6, STM32U5A5ZJT6Q, STM32U5A5ZJY6QTR, STM32U5A9BJY6QTR, STM32U5A9J-DK, STM32U5A9NJH6Q, STM32U5A9VJT6Q, STM32U5A9ZJT6Q, STM32U5A9ZJY6QTR, STM32U5F7VIT6, STM32U5F7VIT6Q, STM32U5F7VJT6, STM32U5F7VJT6Q, STM32U5F9BJY6QTR, STM32U5F9NJH6Q, STM32U5F9VIT6Q, STM32U5F9VJT6Q, STM32U5F9ZIJ6QTR, STM32U5F9ZIT6Q, STM32U5F9ZJJ6QTR, STM32U5F9ZJT6Q, STM32U5G7VJT6, STM32U5G7VJT6Q, STM32U5G9BJY6QTR, STM32U5G9J-DK1, STM32U5G9J-DK2, STM32U5G9NJH6Q, STM32U5G9VJT6Q, STM32U5G9ZJJ6QTR, STM32U5G9ZJT6Q, STM32WB1MMCH6, STM32WBA52CEU6, STM32WBA52CEU6T, STM32WBA52CGU6, STM32WBA52CGU6T, STM32WBA52KEU6, STM32WBA52KEU6T, STM32WBA52KGU6, STM32WBA52KGU6T, STM32WL5MOCH6, STM32WL5MOCH6TR]
2024-12-20 16:43:36,314 [INFO] DbMcus:217 - Found 4373 MCUs, 4373 are supported
2024-12-20 16:43:36,316 [INFO] ApiDb:423 - Load user favorites file /Users/michaelalex/.stm32cubeide/favorites.mcus.txt: 0 item(s)
2024-12-20 16:43:36,316 [INFO] ApiDb:427 - User favorites MCUs=[]
2024-12-20 16:43:36,316 [INFO] DbMcus:223 - Set 0 / 0 favorites MCUs
2024-12-20 16:43:36,700 [INFO] ApiDb:668 - CubeFinder database Data Model version=2.1
2024-12-20 16:43:36,700 [INFO] ApiDb:669 - CubeFinder database Configuration version=3.0.39
2024-12-20 16:43:36,700 [INFO] ApiDb:670 - CubeFinder database generation date=2024-11-21 (1732182206)
2024-12-20 16:43:36,700 [INFO] ApiDb:671 - CubeFinder database FW Pack versions=[FP-ATR-ASTRA1_V2.0.0, FP-SNS-FLIGHT1_V5.0.2, FP-SNS-MOTENV1_V5.0.0, FP-SNS-MOTENVWB1_V1.4.0, FP-SNS-SMARTAG2_V1.2.0, FP-SNS-STBOX1_V2.0.0, STM32Cube_FW_C0_V1.3.0, STM32Cube_FW_F4_V1.28.1, STM32Cube_FW_F7_V1.17.2, STM32Cube_FW_G0_V1.6.2, STM32Cube_FW_G4_V1.6.1, STM32Cube_FW_H5_V1.4.0, STM32Cube_FW_H7RS_V1.1.0, STM32Cube_FW_H7_V1.12.0, STM32Cube_FW_L0_V1.12.2, STM32Cube_FW_L4_V1.18.1, STM32Cube_FW_L5_V1.5.1, STM32Cube_FW_N6_V1.0.0, STM32Cube_FW_U0_V1.2.0, STM32Cube_FW_U3_V1.0.0, STM32Cube_FW_U5_V1.7.0, STM32Cube_FW_WB0_V1.1.0, STM32Cube_FW_WBA_V1.5.0, STM32Cube_FW_WB_V1.21.0, STM32Cube_FW_WL3_V1.0.0, STM32Cube_FW_WL_V1.3.0, X-CUBE-ALGOBUILD_V1.4.0, X-CUBE-ALS_V1.0.2, X-CUBE-AZRTOS-F4_V1.1.0, X-CUBE-AZRTOS-F7_V1.1.0, X-CUBE-AZRTOS-G0_V1.1.0, X-CUBE-AZRTOS-G4_V2.0.0, X-CUBE-AZRTOS-H7RS_V1.0.0, X-CUBE-AZRTOS-H7_V3.3.0, X-CUBE-AZRTOS-L4_V2.0.0, X-CUBE-AZRTOS-L5_V2.0.0, X-CUBE-AZRTOS-WB_V2.0.0, X-CUBE-AZRTOS-WL_V2.0.0, X-CUBE-BLE1_V7.0.0, X-CUBE-BLE2_V3.3.0, X-CUBE-BLEMGR_V3.1.0, X-CUBE-EEPRMA1_V5.1.0, X-CUBE-FREERTOS_V1.2.0, X-CUBE-GNSS1_V6.0.0, X-CUBE-MEMS1_V11.0.0, X-CUBE-NFC4_V3.0.0, X-CUBE-NFC7_V1.0.1, X-CUBE-SFXS2LP1_V4.0.0, X-CUBE-SUBG2_V5.0.0, X-CUBE-TOF1_V3.4.2]
2024-12-20 16:43:36,741 [INFO] DbBoardsSqlite:226 - include board P-NUCLEO-WB55-NUCLEO as a kit item of type 'Nucleo-64'
2024-12-20 16:43:36,741 [INFO] DbBoardsSqlite:226 - include board P-NUCLEO-WB55-USBDONGLE as a kit item of type 'Nucleo USB Dongle'
2024-12-20 16:43:36,741 [INFO] DbBoardsSqlite:226 - include board STEVAL-IDP005V1 as a kit item of type 'Evaluation Board'
2024-12-20 16:43:36,741 [INFO] DbBoardsSqlite:226 - include board STEVAL-IDP005V2 as a kit item of type 'Evaluation Board'
2024-12-20 16:43:36,776 [INFO] ApiDb:240 - Found 323 in-development CPN: [B-G473E-ZEST1S, B-WB1M-WPAN1, B-WL5M-SUBG1, NUCLEO-C031C6, NUCLEO-H503RB, NUCLEO-H563ZI, NUCLEO-U545RE-Q, NUCLEO-U5A5ZJ-Q, NUCLEO-WBA52CG, STEVAL-PROTEUS1, STEVAL-SMARTAG2, STEVAL-STWINBX1, STM320518-EVAL, STM32C0116-DK, STM32C011D6Y3TR, STM32C011D6Y6TR, STM32C011F4P3, STM32C011F4P6, STM32C011F4U3, STM32C011F4U6TR, STM32C011F6P3, STM32C011F6P6, STM32C011F6U3, STM32C011F6U6TR, STM32C011J4M3, STM32C011J4M6, STM32C011J6M3, STM32C011J6M6, STM32C0316-DK, STM32C031C4T3, STM32C031C4T6, STM32C031C4U3, STM32C031C4U6, STM32C031C6T3, STM32C031C6T6, STM32C031C6U3, STM32C031C6U6, STM32C031F4P3, STM32C031F4P6, STM32C031F6P3, STM32C031F6P6, STM32C031G4U3, STM32C031G4U6, STM32C031G6U3, STM32C031G6U6, STM32C031K4T3, STM32C031K4T6, STM32C031K4U3, STM32C031K4U6, STM32C031K6T3, STM32C031K6T6, STM32C031K6U3, STM32C031K6U6, STM32G071K8TXN, STM32G071K8UXN, STM32G081GBU6N, STM32G081KBT6N, STM32G081KBUXN, STM32G0B1CCT6N, STM32G0B1KCT6, STM32G0B1NEY6TR, STM32G0B1RCT6N, STM32G0C1CCT6, STM32G0C1CCT6N, STM32G0C1CCU6N, STM32G0C1CET6N, STM32G0C1CEU6N, STM32G0C1KCT6, STM32G0C1NEY6TR, STM32G0C1RCI6N, STM32G0C1RCT6N, STM32G0C1REI6N, STM32G0C1RET6N, STM32G0C1VCI6, STM32G0C1VEI6, STM32G471CCT6, STM32G471CCU6, STM32G471CET3, STM32G471CET6, STM32G471CEU3, STM32G471CEU6, STM32G471MCT6, STM32G471MET3, STM32G471MET6, STM32G471MEY6TR, STM32G471QCT6, STM32G471QET3, STM32G471RCT6, STM32G471RET3, STM32G471RET6, STM32G471VCH6, STM32G471VCI6, STM32G471VCT6, STM32G471VEH3, STM32G471VEH6, STM32G471VEI3, STM32G471VEI6, STM32G471VET3, STM32G471VET6, STM32G474CCT6, STM32H503CBT6, STM32H503CBU6, STM32H503EBY6TR, STM32H503KBU6, STM32H503RBT6, STM32H562AGI6, STM32H562AII6, STM32H562IGK6, STM32H562IGT6, STM32H562IIK6, STM32H562IIT6, STM32H562RGT6, STM32H562RGV6, STM32H562RIT6, STM32H562RIV6, STM32H562VGT6, STM32H562VIT6, STM32H562ZGT6, STM32H562ZIT6, STM32H563AGI6, STM32H563AII3Q, STM32H563AII6, STM32H563IGK6, STM32H563IGT6, STM32H563IIK3Q, STM32H563IIK6, STM32H563IIT3Q, STM32H563IIT6, STM32H563MIY3QTR, STM32H563RGT6, STM32H563RGV6, STM32H563RIT6, STM32H563RIV6, STM32H563VGT6, STM32H563VIT3Q, STM32H563VIT6, STM32H563ZGT6, STM32H563ZIT3Q, STM32H563ZIT6, STM32H573AII3Q, STM32H573AII6, STM32H573I-DK, STM32H573IIK3Q, STM32H573IIK6, STM32H573IIT3Q, STM32H573IIT6, STM32H573MIY3QTR, STM32H573RIT6, STM32H573RIV6, STM32H573VIT3Q, STM32H573VIT6, STM32H573ZIT3Q, STM32H573ZIT6, STM32L4R5QGI6STR, STM32MP131AAE3, STM32MP131AAF3, STM32MP131AAG3, STM32MP131CAE3, STM32MP131CAF3, STM32MP131CAG3, STM32MP131DAE7, STM32MP131DAF7, STM32MP131DAG7, STM32MP131FAE7, STM32MP131FAF7, STM32MP131FAG7, STM32MP133AAE3, STM32MP133AAF3, STM32MP133AAG3, STM32MP133CAE3, STM32MP133CAF3, STM32MP133CAG3, STM32MP133DAE7, STM32MP133DAF7, STM32MP133DAG7, STM32MP133FAE7, STM32MP133FAF7, STM32MP133FAG7, STM32MP135AAE3, STM32MP135AAF3, STM32MP135AAG3, STM32MP135CAE3, STM32MP135CAF3, STM32MP135CAG3, STM32MP135DAE7, STM32MP135DAF7, STM32MP135DAG7, STM32MP135F-DK, STM32MP135FAE7, STM32MP135FAF7, STM32MP135FAF7T, STM32MP135FAF7U, STM32MP135FAG7, STM32U535CBT6, STM32U535CBT6Q, STM32U535CBU6, STM32U535CBU6Q, STM32U535CCT6, STM32U535CCT6Q, STM32U535CCU6, STM32U535CCU6Q, STM32U535CET6, STM32U535CET6Q, STM32U535CEU6, STM32U535CEU6Q, STM32U535JEY6QTR, STM32U535NCY6QTR, STM32U535NEY6QTR, STM32U535RBI6, STM32U535RBI6Q, STM32U535RBT6, STM32U535RBT6Q, STM32U535RCI6, STM32U535RCI6Q, STM32U535RCT6, STM32U535RCT6Q, STM32U535REI6, STM32U535REI6Q, STM32U535RET6, STM32U535RET6Q, STM32U535VCI6, STM32U535VCI6Q, STM32U535VCT6, STM32U535VCT6Q, STM32U535VEI6, STM32U535VEI6Q, STM32U535VET6, STM32U535VET6Q, STM32U545CET6, STM32U545CET6Q, STM32U545CEU6, STM32U545CEU6Q, STM32U545JEY6QTR, STM32U545NEY6QTR, STM32U545REI6, STM32U545REI6Q, STM32U545RET6, STM32U545RET6Q, STM32U545VEI6, STM32U545VEI6Q, STM32U545VET6, STM32U545VET6Q, STM32U595AIH6, STM32U595AIH6Q, STM32U595AJH6, STM32U595AJH6Q, STM32U595QII6, STM32U595QII6Q, STM32U595QJI6, STM32U595QJI6Q, STM32U595RIT6, STM32U595RIT6Q, STM32U595RJT6, STM32U595RJT6Q, STM32U595VIT6, STM32U595VIT6Q, STM32U595VJT6, STM32U595VJT6Q, STM32U595ZIT6, STM32U595ZIT6Q, STM32U595ZIY6QTR, STM32U595ZJT6, STM32U595ZJT6Q, STM32U595ZJY6QTR, STM32U599BJY6QTR, STM32U599NIH6Q, STM32U599NJH6Q, STM32U599VIT6Q, STM32U599VJT6, STM32U599VJT6Q, STM32U599ZIT6Q, STM32U599ZIY6QTR, STM32U599ZJT6Q, STM32U599ZJY6QTR, STM32U5A5AJH6, STM32U5A5AJH6Q, STM32U5A5QJI6, STM32U5A5QJI6Q, STM32U5A5RJT6, STM32U5A5RJT6Q, STM32U5A5VJT6, STM32U5A5VJT6Q, STM32U5A5ZJT6, STM32U5A5ZJT6Q, STM32U5A5ZJY6QTR, STM32U5A9BJY6QTR, STM32U5A9J-DK, STM32U5A9NJH6Q, STM32U5A9VJT6Q, STM32U5A9ZJT6Q, STM32U5A9ZJY6QTR, STM32U5F7VIT6, STM32U5F7VIT6Q, STM32U5F7VJT6, STM32U5F7VJT6Q, STM32U5F9BJY6QTR, STM32U5F9NJH6Q, STM32U5F9VIT6Q, STM32U5F9VJT6Q, STM32U5F9ZIJ6QTR, STM32U5F9ZIT6Q, STM32U5F9ZJJ6QTR, STM32U5F9ZJT6Q, STM32U5G7VJT6, STM32U5G7VJT6Q, STM32U5G9BJY6QTR, STM32U5G9J-DK1, STM32U5G9J-DK2, STM32U5G9NJH6Q, STM32U5G9VJT6Q, STM32U5G9ZJJ6QTR, STM32U5G9ZJT6Q, STM32WB1MMCH6, STM32WBA52CEU6, STM32WBA52CEU6T, STM32WBA52CGU6, STM32WBA52CGU6T, STM32WBA52KEU6, STM32WBA52KEU6T, STM32WBA52KGU6, STM32WBA52KGU6T, STM32WL5MOCH6, STM32WL5MOCH6TR]
2024-12-20 16:43:36,799 [INFO] BoardInfo:880 - No configuration file found for board NUCLEO-C071RB
2024-12-20 16:43:36,800 [INFO] DbBoards:157 - Board is not supported: NUCLEO-C071RB
2024-12-20 16:43:36,851 [INFO] BoardInfo:880 - No configuration file found for board NUCLEO-H533RE
2024-12-20 16:43:36,851 [INFO] DbBoards:157 - Board is not supported: NUCLEO-H533RE
2024-12-20 16:43:36,863 [INFO] BoardInfo:880 - No configuration file found for board NUCLEO-H7S3L8
2024-12-20 16:43:36,863 [INFO] DbBoards:157 - Board is not supported: NUCLEO-H7S3L8
2024-12-20 16:43:36,889 [INFO] BoardInfo:880 - No configuration file found for board NUCLEO-U031R8
2024-12-20 16:43:36,889 [INFO] DbBoards:157 - Board is not supported: NUCLEO-U031R8
2024-12-20 16:43:36,891 [INFO] BoardInfo:880 - No configuration file found for board NUCLEO-U083RC
2024-12-20 16:43:36,891 [INFO] DbBoards:157 - Board is not supported: NUCLEO-U083RC
2024-12-20 16:43:36,896 [INFO] BoardInfo:880 - No configuration file found for board NUCLEO-WB05KZ
2024-12-20 16:43:36,896 [INFO] DbBoards:157 - Board is not supported: NUCLEO-WB05KZ
2024-12-20 16:43:36,908 [INFO] BoardInfo:880 - No configuration file found for board NUCLEO-WB07CC
2024-12-20 16:43:36,908 [INFO] DbBoards:157 - Board is not supported: NUCLEO-WB07CC
2024-12-20 16:43:36,910 [INFO] BoardInfo:880 - No configuration file found for board NUCLEO-WB09KE
2024-12-20 16:43:36,910 [INFO] DbBoards:157 - Board is not supported: NUCLEO-WB09KE
2024-12-20 16:43:36,915 [INFO] BoardInfo:880 - No configuration file found for board NUCLEO-WBA55CG
2024-12-20 16:43:36,915 [INFO] DbBoards:157 - Board is not supported: NUCLEO-WBA55CG
2024-12-20 16:43:36,922 [INFO] BoardInfo:880 - No configuration file found for board P-NUCLEO-WB55
2024-12-20 16:43:36,922 [INFO] DbBoards:157 - Kit is not supported: P-NUCLEO-WB55
2024-12-20 16:43:36,928 [INFO] BoardInfo:880 - No configuration file found for board STEVAL-BFA001V1B
2024-12-20 16:43:36,928 [INFO] DbBoards:157 - Kit is not supported: STEVAL-BFA001V1B
2024-12-20 16:43:36,929 [INFO] BoardInfo:880 - No configuration file found for board STEVAL-BFA001V2B
2024-12-20 16:43:36,929 [INFO] DbBoards:157 - Kit is not supported: STEVAL-BFA001V2B
2024-12-20 16:43:36,933 [INFO] BoardInfo:880 - No configuration file found for board STEVAL-MKBOXPRO
2024-12-20 16:43:36,933 [INFO] DbBoards:157 - Board is not supported: STEVAL-MKBOXPRO
2024-12-20 16:43:37,032 [INFO] BoardInfo:880 - No configuration file found for board STM32H7S78-DK
2024-12-20 16:43:37,032 [INFO] DbBoards:157 - Board is not supported: STM32H7S78-DK
2024-12-20 16:43:37,058 [INFO] BoardInfo:880 - No configuration file found for board STM32MP257F-DK
2024-12-20 16:43:37,059 [INFO] DbBoards:157 - Board is not supported: STM32MP257F-DK
2024-12-20 16:43:37,060 [INFO] BoardInfo:880 - No configuration file found for board STM32MP257F-EV1
2024-12-20 16:43:37,060 [INFO] DbBoards:157 - Board is not supported: STM32MP257F-EV1
2024-12-20 16:43:37,061 [INFO] BoardInfo:880 - No configuration file found for board STM32U083C-DK
2024-12-20 16:43:37,062 [INFO] DbBoards:157 - Board is not supported: STM32U083C-DK
2024-12-20 16:43:37,071 [INFO] BoardInfo:880 - No configuration file found for board STM32WBA55G-DK1
2024-12-20 16:43:37,071 [INFO] DbBoards:157 - Board is not supported: STM32WBA55G-DK1
2024-12-20 16:43:37,071 [INFO] DbBoards:161 - Found 201 boards, 183 are supported
2024-12-20 16:43:37,074 [INFO] ApiDb:423 - Load user favorites file /Users/michaelalex/.stm32cubeide/favorites.boards.txt: 0 item(s)
2024-12-20 16:43:37,074 [INFO] ApiDb:427 - User favorites Boards=[]
2024-12-20 16:43:37,074 [INFO] DbBoards:190 - Set 0 / 0 favorites Boards
2024-12-20 16:43:37,077 [INFO] ApiDb:668 - CubeFinder database Data Model version=2.1
2024-12-20 16:43:37,077 [INFO] ApiDb:669 - CubeFinder database Configuration version=3.0.39
2024-12-20 16:43:37,077 [INFO] ApiDb:670 - CubeFinder database generation date=2024-11-21 (1732182206)
2024-12-20 16:43:37,078 [INFO] ApiDb:671 - CubeFinder database FW Pack versions=[FP-ATR-ASTRA1_V2.0.0, FP-SNS-FLIGHT1_V5.0.2, FP-SNS-MOTENV1_V5.0.0, FP-SNS-MOTENVWB1_V1.4.0, FP-SNS-SMARTAG2_V1.2.0, FP-SNS-STBOX1_V2.0.0, STM32Cube_FW_C0_V1.3.0, STM32Cube_FW_F4_V1.28.1, STM32Cube_FW_F7_V1.17.2, STM32Cube_FW_G0_V1.6.2, STM32Cube_FW_G4_V1.6.1, STM32Cube_FW_H5_V1.4.0, STM32Cube_FW_H7RS_V1.1.0, STM32Cube_FW_H7_V1.12.0, STM32Cube_FW_L0_V1.12.2, STM32Cube_FW_L4_V1.18.1, STM32Cube_FW_L5_V1.5.1, STM32Cube_FW_N6_V1.0.0, STM32Cube_FW_U0_V1.2.0, STM32Cube_FW_U3_V1.0.0, STM32Cube_FW_U5_V1.7.0, STM32Cube_FW_WB0_V1.1.0, STM32Cube_FW_WBA_V1.5.0, STM32Cube_FW_WB_V1.21.0, STM32Cube_FW_WL3_V1.0.0, STM32Cube_FW_WL_V1.3.0, X-CUBE-ALGOBUILD_V1.4.0, X-CUBE-ALS_V1.0.2, X-CUBE-AZRTOS-F4_V1.1.0, X-CUBE-AZRTOS-F7_V1.1.0, X-CUBE-AZRTOS-G0_V1.1.0, X-CUBE-AZRTOS-G4_V2.0.0, X-CUBE-AZRTOS-H7RS_V1.0.0, X-CUBE-AZRTOS-H7_V3.3.0, X-CUBE-AZRTOS-L4_V2.0.0, X-CUBE-AZRTOS-L5_V2.0.0, X-CUBE-AZRTOS-WB_V2.0.0, X-CUBE-AZRTOS-WL_V2.0.0, X-CUBE-BLE1_V7.0.0, X-CUBE-BLE2_V3.3.0, X-CUBE-BLEMGR_V3.1.0, X-CUBE-EEPRMA1_V5.1.0, X-CUBE-FREERTOS_V1.2.0, X-CUBE-GNSS1_V6.0.0, X-CUBE-MEMS1_V11.0.0, X-CUBE-NFC4_V3.0.0, X-CUBE-NFC7_V1.0.1, X-CUBE-SFXS2LP1_V4.0.0, X-CUBE-SUBG2_V5.0.0, X-CUBE-TOF1_V3.4.2]
2024-12-20 16:43:37,694 [ERROR] DbExamplesSqlite:437 - Missing JSON key: board_cpn
2024-12-20 16:43:37,694 [ERROR] DbExamplesSqlite:437 - Missing JSON key: board_cpn
2024-12-20 16:43:37,694 [ERROR] DbExamplesSqlite:437 - Missing JSON key: board_cpn
2024-12-20 16:43:37,694 [ERROR] DbExamplesSqlite:437 - Missing JSON key: board_cpn
2024-12-20 16:43:37,811 [ERROR] DbExamplesSqlite:437 - Missing JSON key: board_cpn
2024-12-20 16:43:37,811 [ERROR] DbExamplesSqlite:437 - Missing JSON key: board_cpn
2024-12-20 16:43:37,812 [ERROR] DbExamplesSqlite:437 - Missing JSON key: board_cpn
2024-12-20 16:43:37,812 [ERROR] DbExamplesSqlite:437 - Missing JSON key: board_cpn
2024-12-20 16:43:37,812 [ERROR] DbExamplesSqlite:437 - Missing JSON key: board_cpn
2024-12-20 16:43:37,812 [ERROR] DbExamplesSqlite:437 - Missing JSON key: board_cpn
2024-12-20 16:43:37,812 [ERROR] DbExamplesSqlite:437 - Missing JSON key: board_cpn
2024-12-20 16:43:37,812 [ERROR] DbExamplesSqlite:437 - Missing JSON key: board_cpn
2024-12-20 16:43:37,813 [ERROR] DbExamplesSqlite:437 - Missing JSON key: board_cpn
2024-12-20 16:43:37,975 [INFO] DbExamplesSqlite:395 - Ignored 77 examples not supported by CubeIDE
2024-12-20 16:43:37,975 [INFO] DbExamplesSqlite:396 - Found 10474 examples active
2024-12-20 16:43:37,976 [INFO] DbExamplesSqlite:397 - Found 0 examples obsolete
2024-12-20 16:43:37,976 [INFO] DbExamplesSqlite:398 - Found 0 examples under development
2024-12-20 16:43:37,976 [INFO] DbExamplesSqlite:399 - Found 43 examples not building
2024-12-20 16:43:37,978 [INFO] DbExamples:125 - Found 10440 examples
2024-12-20 16:43:38,122 [ERROR] DbExamples:208 - Found 682 examples with invalid data (board or MCU)
2024-12-20 16:43:38,122 [INFO] DbExamples:222 - Found 124 boards with related examples
2024-12-20 16:43:38,123 [INFO] DbExamples:235 - Found 105 MCUs with related examples
2024-12-20 16:43:38,144 [INFO] ApiDb:414 - User favorites file not found: /Users/michaelalex/.stm32cubeide/favorites.examples.txt
2024-12-20 16:43:38,144 [INFO] DbExamples:250 - Set 0 / 0 favorites Examples
2024-12-20 16:43:38,373 [INFO] McuFinderGlobals:76 - Set McuFinderConnectedMode to true
2024-12-20 16:43:38,381 [INFO] MultiScanPanel:200 - Auto-refresh data requested => check proxy status ongoing
2024-12-20 16:43:38,388 [INFO] FinderPluginLoader:95 - Searching for filters in installed packs
2024-12-20 16:43:39,972 [INFO] LoadUrlFilesThread:185 - End of LoadServerUrlFiles without Thread
2024-12-20 16:43:39,985 [INFO] DetailPanel:341 - Set advertising image to /Users/michaelalex/STM32Cube/Repository//en.prom-stm32n6-mcu-finder.png
2024-12-20 16:44:28,085 [INFO] MultiScanPanel:200 - Auto-refresh data requested => check proxy status ongoing
2024-12-20 16:44:28,200 [INFO] LoadUrlFilesThread:185 - End of LoadServerUrlFiles without Thread
2024-12-20 16:44:28,200 [INFO] DetailPanel:341 - Set advertising image to /Users/michaelalex/STM32Cube/Repository//en.prom-stm32n6-mcu-finder.png
2024-12-20 16:44:28,211 [INFO] DbBoards:634 - Loading board mini-images...
2024-12-20 16:44:29,158 [ERROR] DbBoards:651 - Image file not found for board NUCLEO-WB05KZ: /Users/michaelalex/.stmcufinder/plugins/mcufinder//mcu//boards_images/NUCLEO-WB05KZ.jpg
2024-12-20 16:44:30,393 [INFO] DbBoards:657 - Loaded 200 board mini-images
2024-12-20 16:44:37,608 [INFO] MetaSearchPanel:254 - search for filter with key=Nucleo-64
2024-12-20 16:44:37,608 [INFO] MetaSearchPanel:355 - search for filter component Type
2024-12-20 16:44:37,608 [INFO] MetaSearchPanel:329 - Collapse all filters sections
2024-12-20 16:45:37,629 [INFO] McuFinderGlobals:76 - Set McuFinderConnectedMode to true
2024-12-20 16:45:37,637 [INFO] ApiDb:448 - Save user favorites file /Users/michaelalex/.stm32cubeide/favorites.mcus.txt: 0 item(s)
2024-12-20 16:45:37,637 [INFO] ApiDb:452 - User favorites MCUs=[]
2024-12-20 16:45:37,639 [INFO] ApiDb:448 - Save user favorites file /Users/michaelalex/.stm32cubeide/favorites.boards.txt: 0 item(s)
2024-12-20 16:45:37,639 [INFO] ApiDb:452 - User favorites Boards=[]
